number,value,state,params_batch_size,params_beta1,params_beta2,params_diffaug,params_loss,params_lr_d,params_lr_g,params_n_dis,params_spectral_norm,user_attrs_best_fid,user_attrs_fid_trend,user_attrs_last_mem_ratio,user_attrs_last_precision,user_attrs_last_recall,user_attrs_minutes,user_attrs_n_evals,duration
0,215.35458398936703,COMPLETE,128,0.5,0.999,"color,translation,cutout",bce,0.0002,0.0002,1,False,159.57498425780017,9.991551214391961,1.240479826927185,0.32047563791275024,0.027552202343940735,12.2,13,0 days 00:12:13.059122
1,234.59618575250417,COMPLETE,128,0.5,0.999,"color,translation,cutout",hinge,0.0002,0.0002,1,True,213.47596467640608,-45.26358766825888,1.1941502094268799,0.2508700489997864,0.0011600927682593465,12.3,13,0 days 00:12:15.682767
2,136.87038891216343,COMPLETE,128,0.0,0.9,"color,translation,cutout",hinge,0.0004,0.0001,1,True,133.01481060237228,-10.36183796160077,1.2081094980239868,0.4187934994697571,0.057714615017175674,12.0,13,0 days 00:11:58.788646
3,86.77173901400063,COMPLETE,64,0.0,0.9,"color,translation,cutout",hinge,0.0002,0.0002,3,True,77.8990580264034,-5.436954485885963,1.1419754028320312,0.5693155527114868,0.14298143982887268,23.3,13,0 days 00:23:15.589110
4,111.45895562845472,COMPLETE,64,0.5,0.999,"color,translation,cutout",hinge,7.978542347074177e-05,7.161246859115129e-05,2,False,104.3533255328453,-18.360055250945322,1.1589419841766357,0.540313184261322,0.11136890947818756,16.5,13,0 days 00:16:27.532027
5,80.8433689378203,COMPLETE,64,0.0,0.999,"color,translation",hinge,0.0001960336986121069,0.00011623364244752173,2,True,72.60728002802568,-3.2084016412916867,1.1500489711761475,0.5551043748855591,0.2149071842432022,17.0,13,0 days 00:16:59.669906
6,108.6327223423129,COMPLETE,64,0.5,0.999,"translation,cutout",bce,0.000762119586423319,5.4120091907504824e-05,3,True,104.73936156433263,-8.39293622568539,1.1509790420532227,0.6009280681610107,0.11165893077850342,22.7,13,0 days 00:22:44.615105
7,105.45783241979957,COMPLETE,128,0.0,0.9,"color,translation,cutout",bce,0.000598662923637936,9.33940128553535e-05,3,True,96.99642854628036,-15.749790989954306,1.1465792655944824,0.6116589307785034,0.099187932908535,22.0,13,0 days 00:21:57.213212
8,117.52887332464758,COMPLETE,64,0.0,0.999,"color,translation",hinge,0.00010593850821416589,7.463635696381188e-05,1,True,107.59935157493356,-17.55685938383374,1.1729669570922852,0.4953595995903015,0.10933874547481537,11.9,13,0 days 00:11:56.693421
9,85.52992255442649,COMPLETE,64,0.0,0.999,"color,translation",hinge,0.0008077025130299427,0.0004437863748889811,2,True,83.54066263926052,-1.4453790986518698,1.139980435371399,0.5684454441070557,0.17488399147987366,17.0,13,0 days 00:16:57.887820
10,257.7061524523922,PRUNED,64,0.0,0.999,"color,translation",hinge,0.00011926715529711445,0.00017806563551421844,2,False,243.95214922710153,,1.3421825170516968,0.08381669968366623,0.0,6.8,6,0 days 00:06:48.118920
11,88.30624498741408,COMPLETE,64,0.0,0.999,"color,translation",hinge,0.0005906509519775772,7.933356837223043e-05,2,True,84.52937932514698,-8.709730777769494,1.136351466178894,0.5971577763557434,0.14849187433719635,17.0,13,0 days 00:16:59.410630
12,109.0840023755484,COMPLETE,64,0.5,0.999,"color,translation",hinge,0.00096456060260251,0.00040570781926097655,2,True,103.96809911141173,5.797813062506123,1.1729626655578613,0.3552784025669098,0.11078885942697525,17.0,13,0 days 00:16:59.432337
13,87.44420066477437,COMPLETE,64,0.0,0.999,"color,translation,cutout",hinge,0.00048228517229932807,0.00014848281178129729,2,True,84.06534473803998,-2.0877173182431648,1.1410834789276123,0.5991879105567932,0.15690255165100098,17.9,13,0 days 00:17:52.679785
14,168.78951798727135,PRUNED,64,0.0,0.999,"translation,cutout",hinge,5.741109124781434e-05,0.0002712441483415319,2,True,168.78951798727135,,1.2575199604034424,0.25435033440589905,0.015371229499578476,7.6,6,0 days 00:07:38.804280
15,84.15435082295637,COMPLETE,64,0.0,0.999,"color,translation",hinge,0.0003823712472008059,0.0004934253123396348,2,True,79.4434144368663,-8.113110665520992,1.142794132232666,0.5171113610267639,0.17836426198482513,17.0,13,0 days 00:17:01.599290
16,92.24512557369793,COMPLETE,64,0.5,0.999,"color,translation",bce,0.0001701118717408478,0.00039704544683727194,2,True,83.5332306180236,-19.656075017381113,1.1412732601165771,0.5527842044830322,0.15574245154857635,17.0,13,0 days 00:16:59.062197
17,88.6630157456406,COMPLETE,64,0.0,0.999,"translation,cutout",hinge,0.0002293762759456389,0.0002263259193689938,2,True,81.51495068466437,-10.527934791775465,1.1363195180892944,0.5330626368522644,0.10991878807544708,17.4,13,0 days 00:17:26.143704
18,117.49253319296639,PRUNED,64,0.0,0.999,"color,translation",hinge,0.00013147458895438797,0.0004426979333309103,1,True,108.1867647876764,,1.1986068487167358,0.3976218104362488,0.08323665708303452,12.2,13,0 days 00:12:09.658223
19,99.86986995369529,COMPLETE,64,0.0,0.999,"color,translation",bce,0.00013488757676890863,5.4851686541104397e-05,2,True,94.83506730842026,-10.544092415848922,1.141335129737854,0.6038283109664917,0.11484918743371964,17.0,13,0 days 00:17:00.484693
20,82.40109247224548,COMPLETE,64,0.0,0.999,"color,translation",bce,0.0008331035324835765,0.00018664785254655613,2,True,73.21859583547615,-11.925450188893251,1.1325987577438354,0.5771461725234985,0.18967516720294952,17.0,13,0 days 00:16:58.607113
21,87.9425850104409,COMPLETE,64,0.0,0.999,"color,translation",bce,0.000562602124449083,0.00014934127650657287,2,True,83.5092135124109,-2.893762952152258,1.1335548162460327,0.5878770351409912,0.1255800426006317,17.2,13,0 days 00:17:12.145562
22,96.47439644655715,COMPLETE,64,0.0,0.999,"color,translation",hinge,0.0003209970014326688,0.00011903963724403137,1,True,86.37825782528375,-14.648209815457903,1.1643739938735962,0.5281322598457336,0.11745939403772354,11.9,13,0 days 00:11:55.713308
23,405.381150933627,PRUNED,64,0.0,0.999,"color,translation",hinge,0.0003520887074305038,0.00041375748806661886,2,False,282.32245217664774,,1.4471240043640137,0.0,0.0,6.5,6,0 days 00:06:33.130328
24,129.72187193565793,PRUNED,64,0.0,0.999,,bce,0.0008551039892689225,0.0003518660951614043,2,True,120.62836131954151,,1.1683104038238525,0.5249419808387756,0.07424593716859818,13.6,11,0 days 00:13:37.923259
25,88.0073327652292,COMPLETE,64,0.0,0.9,"color,translation",hinge,0.0003449017365820594,0.0002022526000206934,2,True,86.44750975095229,-3.80391867935964,1.1363290548324585,0.5165312886238098,0.17517401278018951,17.2,13,0 days 00:17:10.970414
26,68.00897485978197,COMPLETE,64,0.0,0.999,"color,translation",bce,0.0004984335369118899,0.0003041101671322451,2,True,66.45308148848221,0.34183784094472003,1.1239746809005737,0.6015080809593201,0.17894430458545685,17.0,13,0 days 00:16:59.975931
27,73.4554813326561,COMPLETE,64,0.0,0.999,"color,translation",bce,0.0009073245443637771,9.28421623632865e-05,2,False,68.95012893785218,-13.031062934898216,1.120864987373352,0.5603247880935669,0.18735498189926147,15.6,13,0 days 00:15:34.174458
28,88.56679660294587,COMPLETE,64,0.0,0.999,"color,translation",bce,0.00033816635706513076,6.300397630678518e-05,2,False,84.17830509687877,-8.628311814696474,1.1320666074752808,0.5997679829597473,0.16647331416606903,15.8,13,0 days 00:15:45.897690
29,257.94569787282126,PRUNED,64,0.0,0.999,"translation,cutout",bce,0.0008909995730219415,6.373364483038671e-05,2,False,233.7983115161432,,1.3774046897888184,0.019141530618071556,0.0,6.7,6,0 days 00:06:43.051748
